<?xml version="1.0" encoding="UTF-8"?>
<testsuite name="com.example.PrintServiceTest" tests="1" skipped="0" failures="0" errors="0" timestamp="2023-03-24T10:39:54" hostname="LT147" time="0.02">
  <properties/>
  <testcase name="testService()" classname="com.example.PrintServiceTest" time="0.02"/>
  <system-out><![CDATA[]]></system-out>
  <system-err><![CDATA[]]></system-err>
</testsuite>
